(---------------------------------------------------------------------)
(                                                                     )
(    Allegro Netrev Import Logic                                      )
(                                                                     )
(    Drawing          : length_tuning_pcb.brd                         )
(    Software Version : 17.4S013                                      )
(    Date/Time        : Mon May 24 15:42:34 2021                      )
(                                                                     )
(---------------------------------------------------------------------)


------ Directives ------------

Ripup etch:                  No
Ripup delete first segment:  No
Ripup retain bondwire:       No
Ripup symbols:               Always
Missing symbol has error:    No
DRC update:                  Yes
Schematic directory:         'D:/Users/robo/Github/youtube-length-tuning-spacing/Schematic and PCB/allegro'
Design Directory:            'D:/Users/robo/Github/youtube-length-tuning-spacing/Schematic and PCB'
Old design name:             'D:/Users/robo/Github/youtube-length-tuning-spacing/Schematic and PCB/length_tuning_pcb.brd'
New design name:             'D:/Users/robo/Github/youtube-length-tuning-spacing/Schematic and PCB/length_tuning_pcb.brd'

CmdLine: netrev -$ -i D:/Users/robo/Github/youtube-length-tuning-spacing/Schematic and PCB/allegro -y 1 -h -q netrev_constraint_report.xml D:/Users/robo/Github/youtube-length-tuning-spacing/Schematic and PCB/#Taaaaax35320.tmp

------ Preparing to read pst files ------

Starting to read D:/Users/robo/Github/youtube-length-tuning-spacing/Schematic and PCB/allegro/pstchip.dat 
   Finished reading D:/Users/robo/Github/youtube-length-tuning-spacing/Schematic and PCB/allegro/pstchip.dat (00:00:00.03)
Starting to read D:/Users/robo/Github/youtube-length-tuning-spacing/Schematic and PCB/allegro/pstxprt.dat 
   Finished reading D:/Users/robo/Github/youtube-length-tuning-spacing/Schematic and PCB/allegro/pstxprt.dat (00:00:00.00)
Starting to read D:/Users/robo/Github/youtube-length-tuning-spacing/Schematic and PCB/allegro/pstxnet.dat 
   Finished reading D:/Users/robo/Github/youtube-length-tuning-spacing/Schematic and PCB/allegro/pstxnet.dat (00:00:00.00)

------ Oversights/Warnings/Errors ------


------ Library Paths ------
MODULEPATH =  . 
           C:/Cadence/SPB_17.4/share/local/pcb/modules 

PSMPATH =  . 
           symbols 
           .. 
           ../symbols 
           C:/Cadence/SPB_17.4/share/local/pcb/symbols 
           C:/Cadence/SPB_17.4/share/pcb/pcb_lib/symbols 
           C:/Cadence/SPB_17.4/share/pcb/allegrolib/symbols 

PADPATH =  . 
           symbols 
           .. 
           ../symbols 
           C:/Cadence/SPB_17.4/share/local/pcb/padstacks 
           C:/Cadence/SPB_17.4/share/pcb/pcb_lib/symbols 
           C:/Cadence/SPB_17.4/share/pcb/allegrolib/symbols 


------ Summary Statistics ------


netrev run on May 24 15:42:34 2021
   DESIGN NAME : 'LENGTH TUNIG SPACES'
   PACKAGING ON Dec  6 2020 14:07:58

   COMPILE 'logic'
   CHECK_PIN_NAMES OFF
   CROSS_REFERENCE OFF
   FEEDBACK OFF
   INCREMENTAL OFF
   INTERFACE_TYPE PHYSICAL
   MAX_ERRORS 500
   MERGE_MINIMUM 5
   NET_NAME_CHARS '#%&()*+-./:=>?@[]^_`|'
   NET_NAME_LENGTH 24
   OVERSIGHTS ON
   REPLACE_CHECK OFF
   SINGLE_NODE_NETS ON
   SPLIT_MINIMUM 0
   SUPPRESS   20
   WARNINGS ON

 No error detected
 No oversight detected
 No warning detected

cpu time      0:01:36
elapsed time  0:00:01

